<?xml version="1.0" encoding="UTF-8"?>
<!-- Generated by org.testng.reporters.JUnitReportReporter -->
<testsuite hostname="LAPTOP-70MIPCT5" failures="0" tests="1" name="ddt.ReadDataFromCmdTest" time="0.019" errors="0" timestamp="2022-09-09T11:56:15 IST" skipped="0">
  <testcase classname="ddt.ReadDataFromCmdTest" name="getData" time="0.019"/>
  <system-out/>
</testsuite> <!-- ddt.ReadDataFromCmdTest -->
