<?xml version="1.0" encoding="UTF-8"?>
<!-- Generated by org.testng.reporters.JUnitReportReporter -->
<testsuite hostname="LAPTOP-70MIPCT5" failures="0" tests="1" name="samplePackage.Demo" time="0.015" errors="0" timestamp="2022-09-08T11:28:47 IST" skipped="0">
  <testcase classname="samplePackage.Demo" name="demo" time="0.015"/>
  <system-out/>
</testsuite> <!-- samplePackage.Demo -->
